<?xml version="1.0" encoding="UTF-8"?>
<testng-results skipped="0" failed="0" ignored="0" total="2" passed="2">
  <reporter-output>
  </reporter-output>
  <suite name="Default suite" duration-ms="5532" started-at="2021-12-20T18:00:24 IST" finished-at="2021-12-20T18:00:30 IST">
    <groups>
    </groups>
    <test name="Default test" duration-ms="5532" started-at="2021-12-20T18:00:24 IST" finished-at="2021-12-20T18:00:30 IST">
      <class name="com.cjc.Tests.TestWithExcel">
        <test-method status="PASS" signature="beforeSuite()[pri:0, instance:com.cjc.Tests.TestWithExcel@c81cdd1]" name="beforeSuite" is-config="true" duration-ms="4534" started-at="2021-12-20T18:00:20 IST" finished-at="2021-12-20T18:00:24 IST">
          <reporter-output>
          </reporter-output>
        </test-method> <!-- beforeSuite -->
        <test-method status="PASS" signature="beforeTest()[pri:0, instance:com.cjc.Tests.TestWithExcel@c81cdd1]" name="beforeTest" is-config="true" duration-ms="3964" started-at="2021-12-20T18:00:24 IST" finished-at="2021-12-20T18:00:28 IST">
          <reporter-output>
          </reporter-output>
        </test-method> <!-- beforeTest -->
        <test-method status="PASS" signature="beforeClass()[pri:0, instance:com.cjc.Tests.TestWithExcel@c81cdd1]" name="beforeClass" is-config="true" duration-ms="532" started-at="2021-12-20T18:00:29 IST" finished-at="2021-12-20T18:00:29 IST">
          <reporter-output>
          </reporter-output>
        </test-method> <!-- beforeClass -->
        <test-method status="PASS" signature="beforeMethod()[pri:0, instance:com.cjc.Tests.TestWithExcel@c81cdd1]" name="beforeMethod" is-config="true" duration-ms="0" started-at="2021-12-20T18:00:29 IST" finished-at="2021-12-20T18:00:29 IST">
          <reporter-output>
          </reporter-output>
        </test-method> <!-- beforeMethod -->
        <test-method status="PASS" signature="m1()[pri:1, instance:com.cjc.Tests.TestWithExcel@c81cdd1]" name="m1" duration-ms="546" started-at="2021-12-20T18:00:29 IST" finished-at="2021-12-20T18:00:30 IST">
          <reporter-output>
          </reporter-output>
        </test-method> <!-- m1 -->
        <test-method status="PASS" signature="afterMethod()[pri:0, instance:com.cjc.Tests.TestWithExcel@c81cdd1]" name="afterMethod" is-config="true" duration-ms="213" started-at="2021-12-20T18:00:30 IST" finished-at="2021-12-20T18:00:30 IST">
          <reporter-output>
          </reporter-output>
        </test-method> <!-- afterMethod -->
        <test-method status="PASS" signature="beforeMethod()[pri:0, instance:com.cjc.Tests.TestWithExcel@c81cdd1]" name="beforeMethod" is-config="true" duration-ms="1" started-at="2021-12-20T18:00:30 IST" finished-at="2021-12-20T18:00:30 IST">
          <reporter-output>
          </reporter-output>
        </test-method> <!-- beforeMethod -->
        <test-method status="PASS" signature="f()[pri:2, instance:com.cjc.Tests.TestWithExcel@c81cdd1]" name="f" duration-ms="2" started-at="2021-12-20T18:00:30 IST" finished-at="2021-12-20T18:00:30 IST">
          <reporter-output>
          </reporter-output>
        </test-method> <!-- f -->
        <test-method status="PASS" signature="afterMethod()[pri:0, instance:com.cjc.Tests.TestWithExcel@c81cdd1]" name="afterMethod" is-config="true" duration-ms="167" started-at="2021-12-20T18:00:30 IST" finished-at="2021-12-20T18:00:30 IST">
          <reporter-output>
          </reporter-output>
        </test-method> <!-- afterMethod -->
        <test-method status="PASS" signature="afterClass()[pri:0, instance:com.cjc.Tests.TestWithExcel@c81cdd1]" name="afterClass" is-config="true" duration-ms="20" started-at="2021-12-20T18:00:30 IST" finished-at="2021-12-20T18:00:30 IST">
          <reporter-output>
          </reporter-output>
        </test-method> <!-- afterClass -->
        <test-method status="PASS" signature="afterTest()[pri:0, instance:com.cjc.Tests.TestWithExcel@c81cdd1]" name="afterTest" is-config="true" duration-ms="0" started-at="2021-12-20T18:00:30 IST" finished-at="2021-12-20T18:00:30 IST">
          <reporter-output>
          </reporter-output>
        </test-method> <!-- afterTest -->
        <test-method status="PASS" signature="afterSuite()[pri:0, instance:com.cjc.Tests.TestWithExcel@c81cdd1]" name="afterSuite" is-config="true" duration-ms="0" started-at="2021-12-20T18:00:30 IST" finished-at="2021-12-20T18:00:30 IST">
          <reporter-output>
          </reporter-output>
        </test-method> <!-- afterSuite -->
      </class> <!-- com.cjc.Tests.TestWithExcel -->
    </test> <!-- Default test -->
  </suite> <!-- Default suite -->
</testng-results>
