<?xml version="1.0" encoding="UTF-8"?>
<testng-results skipped="0" failed="0" ignored="0" total="1" passed="1">
  <reporter-output>
  </reporter-output>
  <suite name="Default suite" duration-ms="238" started-at="2022-02-27T21:23:30 IST" finished-at="2022-02-27T21:23:30 IST">
    <groups>
    </groups>
    <test name="Default test" duration-ms="238" started-at="2022-02-27T21:23:30 IST" finished-at="2022-02-27T21:23:30 IST">
      <class name="com.project.Test.RegisterTest">
        <test-method status="PASS" signature="openBrowser()[pri:0, instance:com.project.Test.RegisterTest@10dba097]" name="openBrowser" is-config="true" duration-ms="11713" started-at="2022-02-27T21:23:18 IST" finished-at="2022-02-27T21:23:30 IST">
          <reporter-output>
          </reporter-output>
        </test-method> <!-- openBrowser -->
        <test-method status="PASS" signature="Test1()[pri:0, instance:com.project.Test.RegisterTest@10dba097]" name="Test1" duration-ms="194" started-at="2022-02-27T21:23:30 IST" finished-at="2022-02-27T21:23:30 IST">
          <reporter-output>
          </reporter-output>
        </test-method> <!-- Test1 -->
      </class> <!-- com.project.Test.RegisterTest -->
    </test> <!-- Default test -->
  </suite> <!-- Default suite -->
</testng-results>
